<?xml version="1.0" encoding="UTF-8"?>
<testsuite xmlns:xsi="http://www.w3.org/2001/XMLSchema-instance" xsi:noNamespaceSchemaLocation="https://maven.apache.org/surefire/maven-surefire-plugin/xsd/surefire-test-report.xsd" name="com.projet.demo.AnnuaireApplicationTests" time="14.542" tests="1" errors="0" skipped="0" failures="0">
  <properties>
    <property name="sun.desktop" value="windows"/>
    <property name="awt.toolkit" value="sun.awt.windows.WToolkit"/>
    <property name="file.encoding.pkg" value="sun.io"/>
    <property name="java.specification.version" value="1.8"/>
    <property name="sun.cpu.isalist" value=""/>
    <property name="sun.jnu.encoding" value="Cp1252"/>
    <property name="java.class.path" value="C:\Users\oussa\eclipse-workspace\Annuaire\target\test-classes;C:\Users\oussa\eclipse-workspace\Annuaire\target\classes;C:\Users\oussa\.m2\repository\org\apache\tomcat\tomcat-jasper\9.0.36\tomcat-jasper-9.0.36.jar;C:\Users\oussa\.m2\repository\org\apache\tomcat\tomcat-servlet-api\9.0.36\tomcat-servlet-api-9.0.36.jar;C:\Users\oussa\.m2\repository\org\apache\tomcat\tomcat-juli\9.0.36\tomcat-juli-9.0.36.jar;C:\Users\oussa\.m2\repository\org\apache\tomcat\tomcat-jsp-api\9.0.46\tomcat-jsp-api-9.0.46.jar;C:\Users\oussa\.m2\repository\org\apache\tomcat\tomcat-el-api\9.0.36\tomcat-el-api-9.0.36.jar;C:\Users\oussa\.m2\repository\org\eclipse\jdt\ecj\3.21.0\ecj-3.21.0.jar;C:\Users\oussa\.m2\repository\org\apache\tomcat\tomcat-jasper-el\9.0.36\tomcat-jasper-el-9.0.36.jar;C:\Users\oussa\.m2\repository\org\apache\tomcat\tomcat-api\9.0.36\tomcat-api-9.0.36.jar;C:\Users\oussa\.m2\repository\org\apache\tomcat\tomcat-util-scan\9.0.36\tomcat-util-scan-9.0.36.jar;C:\Users\oussa\.m2\repository\org\apache\tomcat\tomcat-util\9.0.36\tomcat-util-9.0.36.jar;C:\Users\oussa\.m2\repository\javax\servlet\jstl\1.2\jstl-1.2.jar;C:\Users\oussa\.m2\repository\org\springframework\boot\spring-boot-starter-data-jpa\2.5.1\spring-boot-starter-data-jpa-2.5.1.jar;C:\Users\oussa\.m2\repository\org\springframework\boot\spring-boot-starter-aop\2.5.1\spring-boot-starter-aop-2.5.1.jar;C:\Users\oussa\.m2\repository\org\aspectj\aspectjweaver\1.9.6\aspectjweaver-1.9.6.jar;C:\Users\oussa\.m2\repository\jakarta\transaction\jakarta.transaction-api\1.3.3\jakarta.transaction-api-1.3.3.jar;C:\Users\oussa\.m2\repository\jakarta\persistence\jakarta.persistence-api\2.2.3\jakarta.persistence-api-2.2.3.jar;C:\Users\oussa\.m2\repository\org\hibernate\hibernate-core\5.4.32.Final\hibernate-core-5.4.32.Final.jar;C:\Users\oussa\.m2\repository\org\jboss\logging\jboss-logging\3.4.2.Final\jboss-logging-3.4.2.Final.jar;C:\Users\oussa\.m2\repository\org\javassist\javassist\3.27.0-GA\javassist-3.27.0-GA.jar;C:\Users\oussa\.m2\repository\net\bytebuddy\byte-buddy\1.10.22\byte-buddy-1.10.22.jar;C:\Users\oussa\.m2\repository\antlr\antlr\2.7.7\antlr-2.7.7.jar;C:\Users\oussa\.m2\repository\org\jboss\jandex\2.2.3.Final\jandex-2.2.3.Final.jar;C:\Users\oussa\.m2\repository\com\fasterxml\classmate\1.5.1\classmate-1.5.1.jar;C:\Users\oussa\.m2\repository\org\dom4j\dom4j\2.1.3\dom4j-2.1.3.jar;C:\Users\oussa\.m2\repository\org\hibernate\common\hibernate-commons-annotations\5.1.2.Final\hibernate-commons-annotations-5.1.2.Final.jar;C:\Users\oussa\.m2\repository\org\glassfish\jaxb\jaxb-runtime\2.3.4\jaxb-runtime-2.3.4.jar;C:\Users\oussa\.m2\repository\org\glassfish\jaxb\txw2\2.3.4\txw2-2.3.4.jar;C:\Users\oussa\.m2\repository\com\sun\istack\istack-commons-runtime\3.0.12\istack-commons-runtime-3.0.12.jar;C:\Users\oussa\.m2\repository\org\springframework\data\spring-data-jpa\2.5.1\spring-data-jpa-2.5.1.jar;C:\Users\oussa\.m2\repository\org\springframework\data\spring-data-commons\2.5.1\spring-data-commons-2.5.1.jar;C:\Users\oussa\.m2\repository\org\springframework\spring-orm\5.3.8\spring-orm-5.3.8.jar;C:\Users\oussa\.m2\repository\org\springframework\spring-tx\5.3.8\spring-tx-5.3.8.jar;C:\Users\oussa\.m2\repository\org\slf4j\slf4j-api\1.7.30\slf4j-api-1.7.30.jar;C:\Users\oussa\.m2\repository\org\springframework\spring-aspects\5.3.8\spring-aspects-5.3.8.jar;C:\Users\oussa\.m2\repository\org\springframework\boot\spring-boot-starter-security\2.5.1\spring-boot-starter-security-2.5.1.jar;C:\Users\oussa\.m2\repository\org\springframework\boot\spring-boot-starter\2.5.1\spring-boot-starter-2.5.1.jar;C:\Users\oussa\.m2\repository\org\springframework\boot\spring-boot\2.5.1\spring-boot-2.5.1.jar;C:\Users\oussa\.m2\repository\org\springframework\boot\spring-boot-autoconfigure\2.5.1\spring-boot-autoconfigure-2.5.1.jar;C:\Users\oussa\.m2\repository\org\springframework\boot\spring-boot-starter-logging\2.5.1\spring-boot-starter-logging-2.5.1.jar;C:\Users\oussa\.m2\repository\ch\qos\logback\logback-classic\1.2.3\logback-classic-1.2.3.jar;C:\Users\oussa\.m2\repository\ch\qos\logback\logback-core\1.2.3\logback-core-1.2.3.jar;C:\Users\oussa\.m2\repository\org\apache\logging\log4j\log4j-to-slf4j\2.14.1\log4j-to-slf4j-2.14.1.jar;C:\Users\oussa\.m2\repository\org\apache\logging\log4j\log4j-api\2.14.1\log4j-api-2.14.1.jar;C:\Users\oussa\.m2\repository\org\slf4j\jul-to-slf4j\1.7.30\jul-to-slf4j-1.7.30.jar;C:\Users\oussa\.m2\repository\jakarta\annotation\jakarta.annotation-api\1.3.5\jakarta.annotation-api-1.3.5.jar;C:\Users\oussa\.m2\repository\org\yaml\snakeyaml\1.28\snakeyaml-1.28.jar;C:\Users\oussa\.m2\repository\org\springframework\spring-aop\5.3.8\spring-aop-5.3.8.jar;C:\Users\oussa\.m2\repository\org\springframework\security\spring-security-config\5.5.0\spring-security-config-5.5.0.jar;C:\Users\oussa\.m2\repository\org\springframework\security\spring-security-web\5.5.0\spring-security-web-5.5.0.jar;C:\Users\oussa\.m2\repository\org\apache\poi\poi-ooxml\4.1.2\poi-ooxml-4.1.2.jar;C:\Users\oussa\.m2\repository\org\apache\poi\poi\4.1.2\poi-4.1.2.jar;C:\Users\oussa\.m2\repository\commons-codec\commons-codec\1.15\commons-codec-1.15.jar;C:\Users\oussa\.m2\repository\org\apache\commons\commons-math3\3.6.1\commons-math3-3.6.1.jar;C:\Users\oussa\.m2\repository\com\zaxxer\SparseBitSet\1.2\SparseBitSet-1.2.jar;C:\Users\oussa\.m2\repository\org\apache\poi\poi-ooxml-schemas\4.1.2\poi-ooxml-schemas-4.1.2.jar;C:\Users\oussa\.m2\repository\org\apache\xmlbeans\xmlbeans\3.1.0\xmlbeans-3.1.0.jar;C:\Users\oussa\.m2\repository\org\apache\commons\commons-compress\1.19\commons-compress-1.19.jar;C:\Users\oussa\.m2\repository\com\github\virtuald\curvesapi\1.06\curvesapi-1.06.jar;C:\Users\oussa\.m2\repository\org\springframework\security\spring-security-taglibs\5.5.0\spring-security-taglibs-5.5.0.jar;C:\Users\oussa\.m2\repository\org\springframework\security\spring-security-acl\5.5.0\spring-security-acl-5.5.0.jar;C:\Users\oussa\.m2\repository\org\springframework\security\spring-security-core\5.5.0\spring-security-core-5.5.0.jar;C:\Users\oussa\.m2\repository\org\springframework\security\spring-security-crypto\5.5.0\spring-security-crypto-5.5.0.jar;C:\Users\oussa\.m2\repository\org\springframework\spring-beans\5.3.8\spring-beans-5.3.8.jar;C:\Users\oussa\.m2\repository\org\springframework\spring-context\5.3.8\spring-context-5.3.8.jar;C:\Users\oussa\.m2\repository\org\springframework\spring-core\5.3.8\spring-core-5.3.8.jar;C:\Users\oussa\.m2\repository\org\springframework\spring-jcl\5.3.8\spring-jcl-5.3.8.jar;C:\Users\oussa\.m2\repository\org\springframework\spring-expression\5.3.8\spring-expression-5.3.8.jar;C:\Users\oussa\.m2\repository\org\springframework\spring-web\5.3.8\spring-web-5.3.8.jar;C:\Users\oussa\.m2\repository\org\springframework\boot\spring-boot-starter-web\2.5.1\spring-boot-starter-web-2.5.1.jar;C:\Users\oussa\.m2\repository\org\springframework\boot\spring-boot-starter-json\2.5.1\spring-boot-starter-json-2.5.1.jar;C:\Users\oussa\.m2\repository\com\fasterxml\jackson\datatype\jackson-datatype-jdk8\2.12.3\jackson-datatype-jdk8-2.12.3.jar;C:\Users\oussa\.m2\repository\com\fasterxml\jackson\datatype\jackson-datatype-jsr310\2.12.3\jackson-datatype-jsr310-2.12.3.jar;C:\Users\oussa\.m2\repository\com\fasterxml\jackson\module\jackson-module-parameter-names\2.12.3\jackson-module-parameter-names-2.12.3.jar;C:\Users\oussa\.m2\repository\org\springframework\boot\spring-boot-starter-tomcat\2.5.1\spring-boot-starter-tomcat-2.5.1.jar;C:\Users\oussa\.m2\repository\org\apache\tomcat\embed\tomcat-embed-core\9.0.46\tomcat-embed-core-9.0.46.jar;C:\Users\oussa\.m2\repository\org\apache\tomcat\embed\tomcat-embed-el\9.0.46\tomcat-embed-el-9.0.46.jar;C:\Users\oussa\.m2\repository\org\apache\tomcat\embed\tomcat-embed-websocket\9.0.46\tomcat-embed-websocket-9.0.46.jar;C:\Users\oussa\.m2\repository\org\springframework\spring-webmvc\5.3.8\spring-webmvc-5.3.8.jar;C:\Users\oussa\.m2\repository\org\springframework\boot\spring-boot-starter-jdbc\2.5.1\spring-boot-starter-jdbc-2.5.1.jar;C:\Users\oussa\.m2\repository\com\zaxxer\HikariCP\4.0.3\HikariCP-4.0.3.jar;C:\Users\oussa\.m2\repository\org\springframework\spring-jdbc\5.3.8\spring-jdbc-5.3.8.jar;C:\Users\oussa\.m2\repository\org\springframework\boot\spring-boot-starter-mail\2.5.1\spring-boot-starter-mail-2.5.1.jar;C:\Users\oussa\.m2\repository\org\springframework\spring-context-support\5.3.8\spring-context-support-5.3.8.jar;C:\Users\oussa\.m2\repository\com\sun\mail\jakarta.mail\1.6.7\jakarta.mail-1.6.7.jar;C:\Users\oussa\.m2\repository\com\sun\activation\jakarta.activation\1.2.2\jakarta.activation-1.2.2.jar;C:\Users\oussa\.m2\repository\com\microsoft\sqlserver\mssql-jdbc\9.2.1.jre8\mssql-jdbc-9.2.1.jre8.jar;C:\Users\oussa\.m2\repository\com\microsoft\azure\azure-webapp-maven-plugin\0.2.0\azure-webapp-maven-plugin-0.2.0.jar;C:\Users\oussa\.m2\repository\org\apache\maven\maven-plugin-api\3.3.3\maven-plugin-api-3.3.3.jar;C:\Users\oussa\.m2\repository\org\apache\maven\maven-artifact\3.3.3\maven-artifact-3.3.3.jar;C:\Users\oussa\.m2\repository\org\eclipse\sisu\org.eclipse.sisu.plexus\0.3.0\org.eclipse.sisu.plexus-0.3.0.jar;C:\Users\oussa\.m2\repository\javax\enterprise\cdi-api\1.0\cdi-api-1.0.jar;C:\Users\oussa\.m2\repository\javax\annotation\jsr250-api\1.0\jsr250-api-1.0.jar;C:\Users\oussa\.m2\repository\org\eclipse\sisu\org.eclipse.sisu.inject\0.3.0\org.eclipse.sisu.inject-0.3.0.jar;C:\Users\oussa\.m2\repository\org\apache\maven\maven-core\3.3.3\maven-core-3.3.3.jar;C:\Users\oussa\.m2\repository\org\apache\maven\maven-settings-builder\3.3.3\maven-settings-builder-3.3.3.jar;C:\Users\oussa\.m2\repository\org\apache\maven\maven-builder-support\3.3.3\maven-builder-support-3.3.3.jar;C:\Users\oussa\.m2\repository\org\apache\maven\maven-repository-metadata\3.3.3\maven-repository-metadata-3.3.3.jar;C:\Users\oussa\.m2\repository\org\apache\maven\maven-model-builder\3.3.3\maven-model-builder-3.3.3.jar;C:\Users\oussa\.m2\repository\org\apache\maven\maven-aether-provider\3.3.3\maven-aether-provider-3.3.3.jar;C:\Users\oussa\.m2\repository\org\eclipse\aether\aether-spi\1.0.2.v20150114\aether-spi-1.0.2.v20150114.jar;C:\Users\oussa\.m2\repository\org\eclipse\aether\aether-impl\1.0.2.v20150114\aether-impl-1.0.2.v20150114.jar;C:\Users\oussa\.m2\repository\org\eclipse\aether\aether-api\1.0.2.v20150114\aether-api-1.0.2.v20150114.jar;C:\Users\oussa\.m2\repository\org\eclipse\aether\aether-util\1.0.2.v20150114\aether-util-1.0.2.v20150114.jar;C:\Users\oussa\.m2\repository\org\sonatype\sisu\sisu-guice\3.2.5\sisu-guice-3.2.5-no_aop.jar;C:\Users\oussa\.m2\repository\aopalliance\aopalliance\1.0\aopalliance-1.0.jar;C:\Users\oussa\.m2\repository\org\codehaus\plexus\plexus-interpolation\1.21\plexus-interpolation-1.21.jar;C:\Users\oussa\.m2\repository\org\codehaus\plexus\plexus-classworlds\2.5.2\plexus-classworlds-2.5.2.jar;C:\Users\oussa\.m2\repository\org\codehaus\plexus\plexus-component-annotations\1.5.5\plexus-component-annotations-1.5.5.jar;C:\Users\oussa\.m2\repository\org\sonatype\plexus\plexus-sec-dispatcher\1.3\plexus-sec-dispatcher-1.3.jar;C:\Users\oussa\.m2\repository\org\sonatype\plexus\plexus-cipher\1.4\plexus-cipher-1.4.jar;C:\Users\oussa\.m2\repository\org\apache\maven\maven-settings\3.3.3\maven-settings-3.3.3.jar;C:\Users\oussa\.m2\repository\org\apache\maven\maven-model\3.3.3\maven-model-3.3.3.jar;C:\Users\oussa\.m2\repository\org\codehaus\plexus\plexus-utils\3.0.20\plexus-utils-3.0.20.jar;C:\Users\oussa\.m2\repository\com\microsoft\azure\azure-maven-plugin-lib\0.2.0\azure-maven-plugin-lib-0.2.0.jar;C:\Users\oussa\.m2\repository\org\apache\maven\shared\maven-filtering\3.0.0\maven-filtering-3.0.0.jar;C:\Users\oussa\.m2\repository\org\apache\maven\shared\maven-shared-utils\3.0.0\maven-shared-utils-3.0.0.jar;C:\Users\oussa\.m2\repository\com\google\code\findbugs\jsr305\2.0.1\jsr305-2.0.1.jar;C:\Users\oussa\.m2\repository\org\sonatype\plexus\plexus-build-api\0.0.7\plexus-build-api-0.0.7.jar;C:\Users\oussa\.m2\repository\com\microsoft\azure\azure\1.7.0\azure-1.7.0.jar;C:\Users\oussa\.m2\repository\com\microsoft\azure\azure-mgmt-resources\1.7.0\azure-mgmt-resources-1.7.0.jar;C:\Users\oussa\.m2\repository\org\slf4j\slf4j-simple\1.7.30\slf4j-simple-1.7.30.jar;C:\Users\oussa\.m2\repository\io\reactivex\rxjava\1.3.8\rxjava-1.3.8.jar;C:\Users\oussa\.m2\repository\org\apache\httpcomponents\httpcore\4.4.14\httpcore-4.4.14.jar;C:\Users\oussa\.m2\repository\com\microsoft\azure\azure-mgmt-storage\1.7.0\azure-mgmt-storage-1.7.0.jar;C:\Users\oussa\.m2\repository\com\microsoft\azure\azure-mgmt-network\1.7.0\azure-mgmt-network-1.7.0.jar;C:\Users\oussa\.m2\repository\com\microsoft\azure\azure-mgmt-compute\1.7.0\azure-mgmt-compute-1.7.0.jar;C:\Users\oussa\.m2\repository\com\microsoft\azure\azure-mgmt-graph-rbac\1.7.0\azure-mgmt-graph-rbac-1.7.0.jar;C:\Users\oussa\.m2\repository\com\microsoft\azure\azure-mgmt-keyvault\1.7.0\azure-mgmt-keyvault-1.7.0.jar;C:\Users\oussa\.m2\repository\com\microsoft\azure\azure-keyvault\1.0.0\azure-keyvault-1.0.0.jar;C:\Users\oussa\.m2\repository\com\microsoft\azure\azure-keyvault-webkey\1.0.0\azure-keyvault-webkey-1.0.0.jar;C:\Users\oussa\.m2\repository\com\microsoft\azure\azure-mgmt-batch\1.7.0\azure-mgmt-batch-1.7.0.jar;C:\Users\oussa\.m2\repository\com\microsoft\azure\azure-mgmt-trafficmanager\1.7.0\azure-mgmt-trafficmanager-1.7.0.jar;C:\Users\oussa\.m2\repository\com\microsoft\azure\azure-mgmt-dns\1.7.0\azure-mgmt-dns-1.7.0.jar;C:\Users\oussa\.m2\repository\com\microsoft\azure\azure-mgmt-redis\1.7.0\azure-mgmt-redis-1.7.0.jar;C:\Users\oussa\.m2\repository\com\microsoft\azure\azure-mgmt-appservice\1.7.0\azure-mgmt-appservice-1.7.0.jar;C:\Users\oussa\.m2\repository\com\microsoft\azure\azure-storage\6.1.0\azure-storage-6.1.0.jar;C:\Users\oussa\.m2\repository\com\microsoft\azure\azure-keyvault-core\0.8.0\azure-keyvault-core-0.8.0.jar;C:\Users\oussa\.m2\repository\com\microsoft\azure\azure-mgmt-locks\1.7.0\azure-mgmt-locks-1.7.0.jar;C:\Users\oussa\.m2\repository\com\microsoft\azure\azure-mgmt-eventhub\1.7.0\azure-mgmt-eventhub-1.7.0.jar;C:\Users\oussa\.m2\repository\com\microsoft\azure\azure-mgmt-cdn\1.7.0\azure-mgmt-cdn-1.7.0.jar;C:\Users\oussa\.m2\repository\com\microsoft\azure\azure-mgmt-sql\1.7.0\azure-mgmt-sql-1.7.0.jar;C:\Users\oussa\.m2\repository\com\microsoft\azure\azure-mgmt-containerinstance\1.7.0\azure-mgmt-containerinstance-1.7.0.jar;C:\Users\oussa\.m2\repository\com\microsoft\azure\azure-mgmt-containerregistry\1.7.0\azure-mgmt-containerregistry-1.7.0.jar;C:\Users\oussa\.m2\repository\com\microsoft\azure\azure-mgmt-containerservice\1.7.0\azure-mgmt-containerservice-1.7.0.jar;C:\Users\oussa\.m2\repository\com\microsoft\azure\azure-mgmt-cosmosdb\1.7.0\azure-mgmt-cosmosdb-1.7.0.jar;C:\Users\oussa\.m2\repository\com\microsoft\azure\azure-mgmt-search\1.7.0\azure-mgmt-search-1.7.0.jar;C:\Users\oussa\.m2\repository\com\microsoft\azure\azure-mgmt-msi\1.7.0\azure-mgmt-msi-1.7.0.jar;C:\Users\oussa\.m2\repository\com\microsoft\azure\azure-mgmt-monitor\1.7.0\azure-mgmt-monitor-1.7.0.jar;C:\Users\oussa\.m2\repository\com\microsoft\azure\azure-mgmt-servicebus\1.7.0\azure-mgmt-servicebus-1.7.0.jar;C:\Users\oussa\.m2\repository\joda-time\joda-time\2.1\joda-time-2.1.jar;C:\Users\oussa\.m2\repository\com\microsoft\azure\azure-mgmt-batchai\1.7.0\azure-mgmt-batchai-1.7.0.jar;C:\Users\oussa\.m2\repository\com\microsoft\azure\azure-client-runtime\1.3.0\azure-client-runtime-1.3.0.jar;C:\Users\oussa\.m2\repository\com\microsoft\rest\client-runtime\1.3.0\client-runtime-1.3.0.jar;C:\Users\oussa\.m2\repository\com\google\guava\guava\20.0\guava-20.0.jar;C:\Users\oussa\.m2\repository\com\squareup\retrofit2\retrofit\2.1.0\retrofit-2.1.0.jar;C:\Users\oussa\.m2\repository\com\squareup\okhttp3\okhttp\3.14.9\okhttp-3.14.9.jar;C:\Users\oussa\.m2\repository\com\squareup\okio\okio\1.17.2\okio-1.17.2.jar;C:\Users\oussa\.m2\repository\com\squareup\okhttp3\logging-interceptor\3.14.9\logging-interceptor-3.14.9.jar;C:\Users\oussa\.m2\repository\com\squareup\okhttp3\okhttp-urlconnection\3.14.9\okhttp-urlconnection-3.14.9.jar;C:\Users\oussa\.m2\repository\com\squareup\retrofit2\converter-jackson\2.1.0\converter-jackson-2.1.0.jar;C:\Users\oussa\.m2\repository\com\fasterxml\jackson\datatype\jackson-datatype-joda\2.12.3\jackson-datatype-joda-2.12.3.jar;C:\Users\oussa\.m2\repository\com\squareup\retrofit2\adapter-rxjava\2.1.0\adapter-rxjava-2.1.0.jar;C:\Users\oussa\.m2\repository\com\microsoft\azure\azure-client-authentication\1.3.0\azure-client-authentication-1.3.0.jar;C:\Users\oussa\.m2\repository\com\microsoft\azure\adal4j\1.1.2\adal4j-1.1.2.jar;C:\Users\oussa\.m2\repository\com\nimbusds\oauth2-oidc-sdk\9.3.3\oauth2-oidc-sdk-9.3.3.jar;C:\Users\oussa\.m2\repository\com\github\stephenc\jcip\jcip-annotations\1.0-1\jcip-annotations-1.0-1.jar;C:\Users\oussa\.m2\repository\com\nimbusds\content-type\2.1\content-type-2.1.jar;C:\Users\oussa\.m2\repository\com\nimbusds\lang-tag\1.5\lang-tag-1.5.jar;C:\Users\oussa\.m2\repository\com\nimbusds\nimbus-jose-jwt\9.8.1\nimbus-jose-jwt-9.8.1.jar;C:\Users\oussa\.m2\repository\com\google\code\gson\gson\2.8.7\gson-2.8.7.jar;C:\Users\oussa\.m2\repository\com\microsoft\azure\azure-annotations\1.2.0\azure-annotations-1.2.0.jar;C:\Users\oussa\.m2\repository\com\microsoft\azure\applicationinsights-core\1.0.9\applicationinsights-core-1.0.9.jar;C:\Users\oussa\.m2\repository\eu\infomas\annotation-detector\3.0.4\annotation-detector-3.0.4.jar;C:\Users\oussa\.m2\repository\commons-io\commons-io\2.4\commons-io-2.4.jar;C:\Users\oussa\.m2\repository\org\apache\httpcomponents\httpclient\4.5.13\httpclient-4.5.13.jar;C:\Users\oussa\.m2\repository\commons-net\commons-net\3.6\commons-net-3.6.jar;C:\Users\oussa\.m2\repository\junit\junit\4.13.2\junit-4.13.2.jar;C:\Users\oussa\.m2\repository\org\hamcrest\hamcrest-core\2.2\hamcrest-core-2.2.jar;C:\Users\oussa\.m2\repository\com\azure\spring\azure-spring-boot-starter\3.5.0\azure-spring-boot-starter-3.5.0.jar;C:\Users\oussa\.m2\repository\org\springframework\boot\spring-boot-starter-validation\2.5.1\spring-boot-starter-validation-2.5.1.jar;C:\Users\oussa\.m2\repository\org\hibernate\validator\hibernate-validator\6.2.0.Final\hibernate-validator-6.2.0.Final.jar;C:\Users\oussa\.m2\repository\jakarta\validation\jakarta.validation-api\2.0.2\jakarta.validation-api-2.0.2.jar;C:\Users\oussa\.m2\repository\com\azure\spring\azure-spring-boot\3.5.0\azure-spring-boot-3.5.0.jar;C:\Users\oussa\.m2\repository\javax\validation\validation-api\2.0.1.Final\validation-api-2.0.1.Final.jar;C:\Users\oussa\.m2\repository\javax\annotation\javax.annotation-api\1.3.2\javax.annotation-api-1.3.2.jar;C:\Users\oussa\.m2\repository\net\minidev\json-smart\2.4.7\json-smart-2.4.7.jar;C:\Users\oussa\.m2\repository\net\minidev\accessors-smart\2.4.7\accessors-smart-2.4.7.jar;C:\Users\oussa\.m2\repository\org\ow2\asm\asm\9.1\asm-9.1.jar;C:\Users\oussa\.m2\repository\org\springframework\boot\spring-boot-starter-test\2.5.1\spring-boot-starter-test-2.5.1.jar;C:\Users\oussa\.m2\repository\org\springframework\boot\spring-boot-test\2.5.1\spring-boot-test-2.5.1.jar;C:\Users\oussa\.m2\repository\org\springframework\boot\spring-boot-test-autoconfigure\2.5.1\spring-boot-test-autoconfigure-2.5.1.jar;C:\Users\oussa\.m2\repository\com\jayway\jsonpath\json-path\2.5.0\json-path-2.5.0.jar;C:\Users\oussa\.m2\repository\jakarta\xml\bind\jakarta.xml.bind-api\2.3.3\jakarta.xml.bind-api-2.3.3.jar;C:\Users\oussa\.m2\repository\jakarta\activation\jakarta.activation-api\1.2.2\jakarta.activation-api-1.2.2.jar;C:\Users\oussa\.m2\repository\org\assertj\assertj-core\3.19.0\assertj-core-3.19.0.jar;C:\Users\oussa\.m2\repository\org\hamcrest\hamcrest\2.2\hamcrest-2.2.jar;C:\Users\oussa\.m2\repository\org\junit\jupiter\junit-jupiter\5.7.2\junit-jupiter-5.7.2.jar;C:\Users\oussa\.m2\repository\org\junit\jupiter\junit-jupiter-api\5.7.2\junit-jupiter-api-5.7.2.jar;C:\Users\oussa\.m2\repository\org\apiguardian\apiguardian-api\1.1.0\apiguardian-api-1.1.0.jar;C:\Users\oussa\.m2\repository\org\opentest4j\opentest4j\1.2.0\opentest4j-1.2.0.jar;C:\Users\oussa\.m2\repository\org\junit\platform\junit-platform-commons\1.7.2\junit-platform-commons-1.7.2.jar;C:\Users\oussa\.m2\repository\org\junit\jupiter\junit-jupiter-params\5.7.2\junit-jupiter-params-5.7.2.jar;C:\Users\oussa\.m2\repository\org\junit\jupiter\junit-jupiter-engine\5.7.2\junit-jupiter-engine-5.7.2.jar;C:\Users\oussa\.m2\repository\org\junit\platform\junit-platform-engine\1.7.2\junit-platform-engine-1.7.2.jar;C:\Users\oussa\.m2\repository\org\mockito\mockito-core\3.9.0\mockito-core-3.9.0.jar;C:\Users\oussa\.m2\repository\net\bytebuddy\byte-buddy-agent\1.10.22\byte-buddy-agent-1.10.22.jar;C:\Users\oussa\.m2\repository\org\objenesis\objenesis\3.2\objenesis-3.2.jar;C:\Users\oussa\.m2\repository\org\mockito\mockito-junit-jupiter\3.9.0\mockito-junit-jupiter-3.9.0.jar;C:\Users\oussa\.m2\repository\org\skyscreamer\jsonassert\1.5.0\jsonassert-1.5.0.jar;C:\Users\oussa\.m2\repository\com\vaadin\external\google\android-json\0.0.20131108.vaadin1\android-json-0.0.20131108.vaadin1.jar;C:\Users\oussa\.m2\repository\org\springframework\spring-test\5.3.8\spring-test-5.3.8.jar;C:\Users\oussa\.m2\repository\org\xmlunit\xmlunit-core\2.8.2\xmlunit-core-2.8.2.jar;C:\Users\oussa\.m2\repository\net\sf\jasperreports\jasperreports\6.17.0\jasperreports-6.17.0.jar;C:\Users\oussa\.m2\repository\commons-beanutils\commons-beanutils\1.9.4\commons-beanutils-1.9.4.jar;C:\Users\oussa\.m2\repository\commons-collections\commons-collections\3.2.2\commons-collections-3.2.2.jar;C:\Users\oussa\.m2\repository\commons-digester\commons-digester\2.1\commons-digester-2.1.jar;C:\Users\oussa\.m2\repository\commons-logging\commons-logging\1.1.1\commons-logging-1.1.1.jar;C:\Users\oussa\.m2\repository\org\apache\commons\commons-collections4\4.2\commons-collections4-4.2.jar;C:\Users\oussa\.m2\repository\com\lowagie\itext\2.1.7.js8\itext-2.1.7.js8.jar;C:\Users\oussa\.m2\repository\org\bouncycastle\bcprov-jdk15on\1.64\bcprov-jdk15on-1.64.jar;C:\Users\oussa\.m2\repository\org\jfree\jcommon\1.0.23\jcommon-1.0.23.jar;C:\Users\oussa\.m2\repository\org\jfree\jfreechart\1.0.19\jfreechart-1.0.19.jar;C:\Users\oussa\.m2\repository\org\codehaus\castor\castor-xml\1.4.1\castor-xml-1.4.1.jar;C:\Users\oussa\.m2\repository\org\codehaus\castor\castor-core\1.4.1\castor-core-1.4.1.jar;C:\Users\oussa\.m2\repository\org\apache\commons\commons-lang3\3.12.0\commons-lang3-3.12.0.jar;C:\Users\oussa\.m2\repository\javax\inject\javax.inject\1\javax.inject-1.jar;C:\Users\oussa\.m2\repository\com\fasterxml\jackson\core\jackson-core\2.12.3\jackson-core-2.12.3.jar;C:\Users\oussa\.m2\repository\com\fasterxml\jackson\core\jackson-databind\2.12.3\jackson-databind-2.12.3.jar;C:\Users\oussa\.m2\repository\com\fasterxml\jackson\core\jackson-annotations\2.12.3\jackson-annotations-2.12.3.jar;C:\Users\oussa\.m2\repository\mysql\mysql-connector-java\8.0.25\mysql-connector-java-8.0.25.jar;"/>
    <property name="java.vm.vendor" value="Oracle Corporation"/>
    <property name="sun.arch.data.model" value="32"/>
    <property name="user.variant" value=""/>
    <property name="java.vendor.url" value="http://java.oracle.com/"/>
    <property name="user.timezone" value="Africa/Casablanca"/>
    <property name="java.vm.specification.version" value="1.8"/>
    <property name="os.name" value="Windows 10"/>
    <property name="user.country" value="MA"/>
    <property name="sun.java.launcher" value="SUN_STANDARD"/>
    <property name="sun.boot.library.path" value="C:\Program Files (x86)\Java\jdk1.8.0_281\jre\bin"/>
    <property name="sun.java.command" value="C:\Users\oussa\AppData\Local\Temp\surefire3781821033785204383\surefirebooter8260508201621805280.jar C:\Users\oussa\AppData\Local\Temp\surefire3781821033785204383 2021-08-24T15-41-28_669-jvmRun1 surefire7475826674874481681tmp surefire_06114002626253807086tmp"/>
    <property name="surefire.test.class.path" value="C:\Users\oussa\eclipse-workspace\Annuaire\target\test-classes;C:\Users\oussa\eclipse-workspace\Annuaire\target\classes;C:\Users\oussa\.m2\repository\org\apache\tomcat\tomcat-jasper\9.0.36\tomcat-jasper-9.0.36.jar;C:\Users\oussa\.m2\repository\org\apache\tomcat\tomcat-servlet-api\9.0.36\tomcat-servlet-api-9.0.36.jar;C:\Users\oussa\.m2\repository\org\apache\tomcat\tomcat-juli\9.0.36\tomcat-juli-9.0.36.jar;C:\Users\oussa\.m2\repository\org\apache\tomcat\tomcat-jsp-api\9.0.46\tomcat-jsp-api-9.0.46.jar;C:\Users\oussa\.m2\repository\org\apache\tomcat\tomcat-el-api\9.0.36\tomcat-el-api-9.0.36.jar;C:\Users\oussa\.m2\repository\org\eclipse\jdt\ecj\3.21.0\ecj-3.21.0.jar;C:\Users\oussa\.m2\repository\org\apache\tomcat\tomcat-jasper-el\9.0.36\tomcat-jasper-el-9.0.36.jar;C:\Users\oussa\.m2\repository\org\apache\tomcat\tomcat-api\9.0.36\tomcat-api-9.0.36.jar;C:\Users\oussa\.m2\repository\org\apache\tomcat\tomcat-util-scan\9.0.36\tomcat-util-scan-9.0.36.jar;C:\Users\oussa\.m2\repository\org\apache\tomcat\tomcat-util\9.0.36\tomcat-util-9.0.36.jar;C:\Users\oussa\.m2\repository\javax\servlet\jstl\1.2\jstl-1.2.jar;C:\Users\oussa\.m2\repository\org\springframework\boot\spring-boot-starter-data-jpa\2.5.1\spring-boot-starter-data-jpa-2.5.1.jar;C:\Users\oussa\.m2\repository\org\springframework\boot\spring-boot-starter-aop\2.5.1\spring-boot-starter-aop-2.5.1.jar;C:\Users\oussa\.m2\repository\org\aspectj\aspectjweaver\1.9.6\aspectjweaver-1.9.6.jar;C:\Users\oussa\.m2\repository\jakarta\transaction\jakarta.transaction-api\1.3.3\jakarta.transaction-api-1.3.3.jar;C:\Users\oussa\.m2\repository\jakarta\persistence\jakarta.persistence-api\2.2.3\jakarta.persistence-api-2.2.3.jar;C:\Users\oussa\.m2\repository\org\hibernate\hibernate-core\5.4.32.Final\hibernate-core-5.4.32.Final.jar;C:\Users\oussa\.m2\repository\org\jboss\logging\jboss-logging\3.4.2.Final\jboss-logging-3.4.2.Final.jar;C:\Users\oussa\.m2\repository\org\javassist\javassist\3.27.0-GA\javassist-3.27.0-GA.jar;C:\Users\oussa\.m2\repository\net\bytebuddy\byte-buddy\1.10.22\byte-buddy-1.10.22.jar;C:\Users\oussa\.m2\repository\antlr\antlr\2.7.7\antlr-2.7.7.jar;C:\Users\oussa\.m2\repository\org\jboss\jandex\2.2.3.Final\jandex-2.2.3.Final.jar;C:\Users\oussa\.m2\repository\com\fasterxml\classmate\1.5.1\classmate-1.5.1.jar;C:\Users\oussa\.m2\repository\org\dom4j\dom4j\2.1.3\dom4j-2.1.3.jar;C:\Users\oussa\.m2\repository\org\hibernate\common\hibernate-commons-annotations\5.1.2.Final\hibernate-commons-annotations-5.1.2.Final.jar;C:\Users\oussa\.m2\repository\org\glassfish\jaxb\jaxb-runtime\2.3.4\jaxb-runtime-2.3.4.jar;C:\Users\oussa\.m2\repository\org\glassfish\jaxb\txw2\2.3.4\txw2-2.3.4.jar;C:\Users\oussa\.m2\repository\com\sun\istack\istack-commons-runtime\3.0.12\istack-commons-runtime-3.0.12.jar;C:\Users\oussa\.m2\repository\org\springframework\data\spring-data-jpa\2.5.1\spring-data-jpa-2.5.1.jar;C:\Users\oussa\.m2\repository\org\springframework\data\spring-data-commons\2.5.1\spring-data-commons-2.5.1.jar;C:\Users\oussa\.m2\repository\org\springframework\spring-orm\5.3.8\spring-orm-5.3.8.jar;C:\Users\oussa\.m2\repository\org\springframework\spring-tx\5.3.8\spring-tx-5.3.8.jar;C:\Users\oussa\.m2\repository\org\slf4j\slf4j-api\1.7.30\slf4j-api-1.7.30.jar;C:\Users\oussa\.m2\repository\org\springframework\spring-aspects\5.3.8\spring-aspects-5.3.8.jar;C:\Users\oussa\.m2\repository\org\springframework\boot\spring-boot-starter-security\2.5.1\spring-boot-starter-security-2.5.1.jar;C:\Users\oussa\.m2\repository\org\springframework\boot\spring-boot-starter\2.5.1\spring-boot-starter-2.5.1.jar;C:\Users\oussa\.m2\repository\org\springframework\boot\spring-boot\2.5.1\spring-boot-2.5.1.jar;C:\Users\oussa\.m2\repository\org\springframework\boot\spring-boot-autoconfigure\2.5.1\spring-boot-autoconfigure-2.5.1.jar;C:\Users\oussa\.m2\repository\org\springframework\boot\spring-boot-starter-logging\2.5.1\spring-boot-starter-logging-2.5.1.jar;C:\Users\oussa\.m2\repository\ch\qos\logback\logback-classic\1.2.3\logback-classic-1.2.3.jar;C:\Users\oussa\.m2\repository\ch\qos\logback\logback-core\1.2.3\logback-core-1.2.3.jar;C:\Users\oussa\.m2\repository\org\apache\logging\log4j\log4j-to-slf4j\2.14.1\log4j-to-slf4j-2.14.1.jar;C:\Users\oussa\.m2\repository\org\apache\logging\log4j\log4j-api\2.14.1\log4j-api-2.14.1.jar;C:\Users\oussa\.m2\repository\org\slf4j\jul-to-slf4j\1.7.30\jul-to-slf4j-1.7.30.jar;C:\Users\oussa\.m2\repository\jakarta\annotation\jakarta.annotation-api\1.3.5\jakarta.annotation-api-1.3.5.jar;C:\Users\oussa\.m2\repository\org\yaml\snakeyaml\1.28\snakeyaml-1.28.jar;C:\Users\oussa\.m2\repository\org\springframework\spring-aop\5.3.8\spring-aop-5.3.8.jar;C:\Users\oussa\.m2\repository\org\springframework\security\spring-security-config\5.5.0\spring-security-config-5.5.0.jar;C:\Users\oussa\.m2\repository\org\springframework\security\spring-security-web\5.5.0\spring-security-web-5.5.0.jar;C:\Users\oussa\.m2\repository\org\apache\poi\poi-ooxml\4.1.2\poi-ooxml-4.1.2.jar;C:\Users\oussa\.m2\repository\org\apache\poi\poi\4.1.2\poi-4.1.2.jar;C:\Users\oussa\.m2\repository\commons-codec\commons-codec\1.15\commons-codec-1.15.jar;C:\Users\oussa\.m2\repository\org\apache\commons\commons-math3\3.6.1\commons-math3-3.6.1.jar;C:\Users\oussa\.m2\repository\com\zaxxer\SparseBitSet\1.2\SparseBitSet-1.2.jar;C:\Users\oussa\.m2\repository\org\apache\poi\poi-ooxml-schemas\4.1.2\poi-ooxml-schemas-4.1.2.jar;C:\Users\oussa\.m2\repository\org\apache\xmlbeans\xmlbeans\3.1.0\xmlbeans-3.1.0.jar;C:\Users\oussa\.m2\repository\org\apache\commons\commons-compress\1.19\commons-compress-1.19.jar;C:\Users\oussa\.m2\repository\com\github\virtuald\curvesapi\1.06\curvesapi-1.06.jar;C:\Users\oussa\.m2\repository\org\springframework\security\spring-security-taglibs\5.5.0\spring-security-taglibs-5.5.0.jar;C:\Users\oussa\.m2\repository\org\springframework\security\spring-security-acl\5.5.0\spring-security-acl-5.5.0.jar;C:\Users\oussa\.m2\repository\org\springframework\security\spring-security-core\5.5.0\spring-security-core-5.5.0.jar;C:\Users\oussa\.m2\repository\org\springframework\security\spring-security-crypto\5.5.0\spring-security-crypto-5.5.0.jar;C:\Users\oussa\.m2\repository\org\springframework\spring-beans\5.3.8\spring-beans-5.3.8.jar;C:\Users\oussa\.m2\repository\org\springframework\spring-context\5.3.8\spring-context-5.3.8.jar;C:\Users\oussa\.m2\repository\org\springframework\spring-core\5.3.8\spring-core-5.3.8.jar;C:\Users\oussa\.m2\repository\org\springframework\spring-jcl\5.3.8\spring-jcl-5.3.8.jar;C:\Users\oussa\.m2\repository\org\springframework\spring-expression\5.3.8\spring-expression-5.3.8.jar;C:\Users\oussa\.m2\repository\org\springframework\spring-web\5.3.8\spring-web-5.3.8.jar;C:\Users\oussa\.m2\repository\org\springframework\boot\spring-boot-starter-web\2.5.1\spring-boot-starter-web-2.5.1.jar;C:\Users\oussa\.m2\repository\org\springframework\boot\spring-boot-starter-json\2.5.1\spring-boot-starter-json-2.5.1.jar;C:\Users\oussa\.m2\repository\com\fasterxml\jackson\datatype\jackson-datatype-jdk8\2.12.3\jackson-datatype-jdk8-2.12.3.jar;C:\Users\oussa\.m2\repository\com\fasterxml\jackson\datatype\jackson-datatype-jsr310\2.12.3\jackson-datatype-jsr310-2.12.3.jar;C:\Users\oussa\.m2\repository\com\fasterxml\jackson\module\jackson-module-parameter-names\2.12.3\jackson-module-parameter-names-2.12.3.jar;C:\Users\oussa\.m2\repository\org\springframework\boot\spring-boot-starter-tomcat\2.5.1\spring-boot-starter-tomcat-2.5.1.jar;C:\Users\oussa\.m2\repository\org\apache\tomcat\embed\tomcat-embed-core\9.0.46\tomcat-embed-core-9.0.46.jar;C:\Users\oussa\.m2\repository\org\apache\tomcat\embed\tomcat-embed-el\9.0.46\tomcat-embed-el-9.0.46.jar;C:\Users\oussa\.m2\repository\org\apache\tomcat\embed\tomcat-embed-websocket\9.0.46\tomcat-embed-websocket-9.0.46.jar;C:\Users\oussa\.m2\repository\org\springframework\spring-webmvc\5.3.8\spring-webmvc-5.3.8.jar;C:\Users\oussa\.m2\repository\org\springframework\boot\spring-boot-starter-jdbc\2.5.1\spring-boot-starter-jdbc-2.5.1.jar;C:\Users\oussa\.m2\repository\com\zaxxer\HikariCP\4.0.3\HikariCP-4.0.3.jar;C:\Users\oussa\.m2\repository\org\springframework\spring-jdbc\5.3.8\spring-jdbc-5.3.8.jar;C:\Users\oussa\.m2\repository\org\springframework\boot\spring-boot-starter-mail\2.5.1\spring-boot-starter-mail-2.5.1.jar;C:\Users\oussa\.m2\repository\org\springframework\spring-context-support\5.3.8\spring-context-support-5.3.8.jar;C:\Users\oussa\.m2\repository\com\sun\mail\jakarta.mail\1.6.7\jakarta.mail-1.6.7.jar;C:\Users\oussa\.m2\repository\com\sun\activation\jakarta.activation\1.2.2\jakarta.activation-1.2.2.jar;C:\Users\oussa\.m2\repository\com\microsoft\sqlserver\mssql-jdbc\9.2.1.jre8\mssql-jdbc-9.2.1.jre8.jar;C:\Users\oussa\.m2\repository\com\microsoft\azure\azure-webapp-maven-plugin\0.2.0\azure-webapp-maven-plugin-0.2.0.jar;C:\Users\oussa\.m2\repository\org\apache\maven\maven-plugin-api\3.3.3\maven-plugin-api-3.3.3.jar;C:\Users\oussa\.m2\repository\org\apache\maven\maven-artifact\3.3.3\maven-artifact-3.3.3.jar;C:\Users\oussa\.m2\repository\org\eclipse\sisu\org.eclipse.sisu.plexus\0.3.0\org.eclipse.sisu.plexus-0.3.0.jar;C:\Users\oussa\.m2\repository\javax\enterprise\cdi-api\1.0\cdi-api-1.0.jar;C:\Users\oussa\.m2\repository\javax\annotation\jsr250-api\1.0\jsr250-api-1.0.jar;C:\Users\oussa\.m2\repository\org\eclipse\sisu\org.eclipse.sisu.inject\0.3.0\org.eclipse.sisu.inject-0.3.0.jar;C:\Users\oussa\.m2\repository\org\apache\maven\maven-core\3.3.3\maven-core-3.3.3.jar;C:\Users\oussa\.m2\repository\org\apache\maven\maven-settings-builder\3.3.3\maven-settings-builder-3.3.3.jar;C:\Users\oussa\.m2\repository\org\apache\maven\maven-builder-support\3.3.3\maven-builder-support-3.3.3.jar;C:\Users\oussa\.m2\repository\org\apache\maven\maven-repository-metadata\3.3.3\maven-repository-metadata-3.3.3.jar;C:\Users\oussa\.m2\repository\org\apache\maven\maven-model-builder\3.3.3\maven-model-builder-3.3.3.jar;C:\Users\oussa\.m2\repository\org\apache\maven\maven-aether-provider\3.3.3\maven-aether-provider-3.3.3.jar;C:\Users\oussa\.m2\repository\org\eclipse\aether\aether-spi\1.0.2.v20150114\aether-spi-1.0.2.v20150114.jar;C:\Users\oussa\.m2\repository\org\eclipse\aether\aether-impl\1.0.2.v20150114\aether-impl-1.0.2.v20150114.jar;C:\Users\oussa\.m2\repository\org\eclipse\aether\aether-api\1.0.2.v20150114\aether-api-1.0.2.v20150114.jar;C:\Users\oussa\.m2\repository\org\eclipse\aether\aether-util\1.0.2.v20150114\aether-util-1.0.2.v20150114.jar;C:\Users\oussa\.m2\repository\org\sonatype\sisu\sisu-guice\3.2.5\sisu-guice-3.2.5-no_aop.jar;C:\Users\oussa\.m2\repository\aopalliance\aopalliance\1.0\aopalliance-1.0.jar;C:\Users\oussa\.m2\repository\org\codehaus\plexus\plexus-interpolation\1.21\plexus-interpolation-1.21.jar;C:\Users\oussa\.m2\repository\org\codehaus\plexus\plexus-classworlds\2.5.2\plexus-classworlds-2.5.2.jar;C:\Users\oussa\.m2\repository\org\codehaus\plexus\plexus-component-annotations\1.5.5\plexus-component-annotations-1.5.5.jar;C:\Users\oussa\.m2\repository\org\sonatype\plexus\plexus-sec-dispatcher\1.3\plexus-sec-dispatcher-1.3.jar;C:\Users\oussa\.m2\repository\org\sonatype\plexus\plexus-cipher\1.4\plexus-cipher-1.4.jar;C:\Users\oussa\.m2\repository\org\apache\maven\maven-settings\3.3.3\maven-settings-3.3.3.jar;C:\Users\oussa\.m2\repository\org\apache\maven\maven-model\3.3.3\maven-model-3.3.3.jar;C:\Users\oussa\.m2\repository\org\codehaus\plexus\plexus-utils\3.0.20\plexus-utils-3.0.20.jar;C:\Users\oussa\.m2\repository\com\microsoft\azure\azure-maven-plugin-lib\0.2.0\azure-maven-plugin-lib-0.2.0.jar;C:\Users\oussa\.m2\repository\org\apache\maven\shared\maven-filtering\3.0.0\maven-filtering-3.0.0.jar;C:\Users\oussa\.m2\repository\org\apache\maven\shared\maven-shared-utils\3.0.0\maven-shared-utils-3.0.0.jar;C:\Users\oussa\.m2\repository\com\google\code\findbugs\jsr305\2.0.1\jsr305-2.0.1.jar;C:\Users\oussa\.m2\repository\org\sonatype\plexus\plexus-build-api\0.0.7\plexus-build-api-0.0.7.jar;C:\Users\oussa\.m2\repository\com\microsoft\azure\azure\1.7.0\azure-1.7.0.jar;C:\Users\oussa\.m2\repository\com\microsoft\azure\azure-mgmt-resources\1.7.0\azure-mgmt-resources-1.7.0.jar;C:\Users\oussa\.m2\repository\org\slf4j\slf4j-simple\1.7.30\slf4j-simple-1.7.30.jar;C:\Users\oussa\.m2\repository\io\reactivex\rxjava\1.3.8\rxjava-1.3.8.jar;C:\Users\oussa\.m2\repository\org\apache\httpcomponents\httpcore\4.4.14\httpcore-4.4.14.jar;C:\Users\oussa\.m2\repository\com\microsoft\azure\azure-mgmt-storage\1.7.0\azure-mgmt-storage-1.7.0.jar;C:\Users\oussa\.m2\repository\com\microsoft\azure\azure-mgmt-network\1.7.0\azure-mgmt-network-1.7.0.jar;C:\Users\oussa\.m2\repository\com\microsoft\azure\azure-mgmt-compute\1.7.0\azure-mgmt-compute-1.7.0.jar;C:\Users\oussa\.m2\repository\com\microsoft\azure\azure-mgmt-graph-rbac\1.7.0\azure-mgmt-graph-rbac-1.7.0.jar;C:\Users\oussa\.m2\repository\com\microsoft\azure\azure-mgmt-keyvault\1.7.0\azure-mgmt-keyvault-1.7.0.jar;C:\Users\oussa\.m2\repository\com\microsoft\azure\azure-keyvault\1.0.0\azure-keyvault-1.0.0.jar;C:\Users\oussa\.m2\repository\com\microsoft\azure\azure-keyvault-webkey\1.0.0\azure-keyvault-webkey-1.0.0.jar;C:\Users\oussa\.m2\repository\com\microsoft\azure\azure-mgmt-batch\1.7.0\azure-mgmt-batch-1.7.0.jar;C:\Users\oussa\.m2\repository\com\microsoft\azure\azure-mgmt-trafficmanager\1.7.0\azure-mgmt-trafficmanager-1.7.0.jar;C:\Users\oussa\.m2\repository\com\microsoft\azure\azure-mgmt-dns\1.7.0\azure-mgmt-dns-1.7.0.jar;C:\Users\oussa\.m2\repository\com\microsoft\azure\azure-mgmt-redis\1.7.0\azure-mgmt-redis-1.7.0.jar;C:\Users\oussa\.m2\repository\com\microsoft\azure\azure-mgmt-appservice\1.7.0\azure-mgmt-appservice-1.7.0.jar;C:\Users\oussa\.m2\repository\com\microsoft\azure\azure-storage\6.1.0\azure-storage-6.1.0.jar;C:\Users\oussa\.m2\repository\com\microsoft\azure\azure-keyvault-core\0.8.0\azure-keyvault-core-0.8.0.jar;C:\Users\oussa\.m2\repository\com\microsoft\azure\azure-mgmt-locks\1.7.0\azure-mgmt-locks-1.7.0.jar;C:\Users\oussa\.m2\repository\com\microsoft\azure\azure-mgmt-eventhub\1.7.0\azure-mgmt-eventhub-1.7.0.jar;C:\Users\oussa\.m2\repository\com\microsoft\azure\azure-mgmt-cdn\1.7.0\azure-mgmt-cdn-1.7.0.jar;C:\Users\oussa\.m2\repository\com\microsoft\azure\azure-mgmt-sql\1.7.0\azure-mgmt-sql-1.7.0.jar;C:\Users\oussa\.m2\repository\com\microsoft\azure\azure-mgmt-containerinstance\1.7.0\azure-mgmt-containerinstance-1.7.0.jar;C:\Users\oussa\.m2\repository\com\microsoft\azure\azure-mgmt-containerregistry\1.7.0\azure-mgmt-containerregistry-1.7.0.jar;C:\Users\oussa\.m2\repository\com\microsoft\azure\azure-mgmt-containerservice\1.7.0\azure-mgmt-containerservice-1.7.0.jar;C:\Users\oussa\.m2\repository\com\microsoft\azure\azure-mgmt-cosmosdb\1.7.0\azure-mgmt-cosmosdb-1.7.0.jar;C:\Users\oussa\.m2\repository\com\microsoft\azure\azure-mgmt-search\1.7.0\azure-mgmt-search-1.7.0.jar;C:\Users\oussa\.m2\repository\com\microsoft\azure\azure-mgmt-msi\1.7.0\azure-mgmt-msi-1.7.0.jar;C:\Users\oussa\.m2\repository\com\microsoft\azure\azure-mgmt-monitor\1.7.0\azure-mgmt-monitor-1.7.0.jar;C:\Users\oussa\.m2\repository\com\microsoft\azure\azure-mgmt-servicebus\1.7.0\azure-mgmt-servicebus-1.7.0.jar;C:\Users\oussa\.m2\repository\joda-time\joda-time\2.1\joda-time-2.1.jar;C:\Users\oussa\.m2\repository\com\microsoft\azure\azure-mgmt-batchai\1.7.0\azure-mgmt-batchai-1.7.0.jar;C:\Users\oussa\.m2\repository\com\microsoft\azure\azure-client-runtime\1.3.0\azure-client-runtime-1.3.0.jar;C:\Users\oussa\.m2\repository\com\microsoft\rest\client-runtime\1.3.0\client-runtime-1.3.0.jar;C:\Users\oussa\.m2\repository\com\google\guava\guava\20.0\guava-20.0.jar;C:\Users\oussa\.m2\repository\com\squareup\retrofit2\retrofit\2.1.0\retrofit-2.1.0.jar;C:\Users\oussa\.m2\repository\com\squareup\okhttp3\okhttp\3.14.9\okhttp-3.14.9.jar;C:\Users\oussa\.m2\repository\com\squareup\okio\okio\1.17.2\okio-1.17.2.jar;C:\Users\oussa\.m2\repository\com\squareup\okhttp3\logging-interceptor\3.14.9\logging-interceptor-3.14.9.jar;C:\Users\oussa\.m2\repository\com\squareup\okhttp3\okhttp-urlconnection\3.14.9\okhttp-urlconnection-3.14.9.jar;C:\Users\oussa\.m2\repository\com\squareup\retrofit2\converter-jackson\2.1.0\converter-jackson-2.1.0.jar;C:\Users\oussa\.m2\repository\com\fasterxml\jackson\datatype\jackson-datatype-joda\2.12.3\jackson-datatype-joda-2.12.3.jar;C:\Users\oussa\.m2\repository\com\squareup\retrofit2\adapter-rxjava\2.1.0\adapter-rxjava-2.1.0.jar;C:\Users\oussa\.m2\repository\com\microsoft\azure\azure-client-authentication\1.3.0\azure-client-authentication-1.3.0.jar;C:\Users\oussa\.m2\repository\com\microsoft\azure\adal4j\1.1.2\adal4j-1.1.2.jar;C:\Users\oussa\.m2\repository\com\nimbusds\oauth2-oidc-sdk\9.3.3\oauth2-oidc-sdk-9.3.3.jar;C:\Users\oussa\.m2\repository\com\github\stephenc\jcip\jcip-annotations\1.0-1\jcip-annotations-1.0-1.jar;C:\Users\oussa\.m2\repository\com\nimbusds\content-type\2.1\content-type-2.1.jar;C:\Users\oussa\.m2\repository\com\nimbusds\lang-tag\1.5\lang-tag-1.5.jar;C:\Users\oussa\.m2\repository\com\nimbusds\nimbus-jose-jwt\9.8.1\nimbus-jose-jwt-9.8.1.jar;C:\Users\oussa\.m2\repository\com\google\code\gson\gson\2.8.7\gson-2.8.7.jar;C:\Users\oussa\.m2\repository\com\microsoft\azure\azure-annotations\1.2.0\azure-annotations-1.2.0.jar;C:\Users\oussa\.m2\repository\com\microsoft\azure\applicationinsights-core\1.0.9\applicationinsights-core-1.0.9.jar;C:\Users\oussa\.m2\repository\eu\infomas\annotation-detector\3.0.4\annotation-detector-3.0.4.jar;C:\Users\oussa\.m2\repository\commons-io\commons-io\2.4\commons-io-2.4.jar;C:\Users\oussa\.m2\repository\org\apache\httpcomponents\httpclient\4.5.13\httpclient-4.5.13.jar;C:\Users\oussa\.m2\repository\commons-net\commons-net\3.6\commons-net-3.6.jar;C:\Users\oussa\.m2\repository\junit\junit\4.13.2\junit-4.13.2.jar;C:\Users\oussa\.m2\repository\org\hamcrest\hamcrest-core\2.2\hamcrest-core-2.2.jar;C:\Users\oussa\.m2\repository\com\azure\spring\azure-spring-boot-starter\3.5.0\azure-spring-boot-starter-3.5.0.jar;C:\Users\oussa\.m2\repository\org\springframework\boot\spring-boot-starter-validation\2.5.1\spring-boot-starter-validation-2.5.1.jar;C:\Users\oussa\.m2\repository\org\hibernate\validator\hibernate-validator\6.2.0.Final\hibernate-validator-6.2.0.Final.jar;C:\Users\oussa\.m2\repository\jakarta\validation\jakarta.validation-api\2.0.2\jakarta.validation-api-2.0.2.jar;C:\Users\oussa\.m2\repository\com\azure\spring\azure-spring-boot\3.5.0\azure-spring-boot-3.5.0.jar;C:\Users\oussa\.m2\repository\javax\validation\validation-api\2.0.1.Final\validation-api-2.0.1.Final.jar;C:\Users\oussa\.m2\repository\javax\annotation\javax.annotation-api\1.3.2\javax.annotation-api-1.3.2.jar;C:\Users\oussa\.m2\repository\net\minidev\json-smart\2.4.7\json-smart-2.4.7.jar;C:\Users\oussa\.m2\repository\net\minidev\accessors-smart\2.4.7\accessors-smart-2.4.7.jar;C:\Users\oussa\.m2\repository\org\ow2\asm\asm\9.1\asm-9.1.jar;C:\Users\oussa\.m2\repository\org\springframework\boot\spring-boot-starter-test\2.5.1\spring-boot-starter-test-2.5.1.jar;C:\Users\oussa\.m2\repository\org\springframework\boot\spring-boot-test\2.5.1\spring-boot-test-2.5.1.jar;C:\Users\oussa\.m2\repository\org\springframework\boot\spring-boot-test-autoconfigure\2.5.1\spring-boot-test-autoconfigure-2.5.1.jar;C:\Users\oussa\.m2\repository\com\jayway\jsonpath\json-path\2.5.0\json-path-2.5.0.jar;C:\Users\oussa\.m2\repository\jakarta\xml\bind\jakarta.xml.bind-api\2.3.3\jakarta.xml.bind-api-2.3.3.jar;C:\Users\oussa\.m2\repository\jakarta\activation\jakarta.activation-api\1.2.2\jakarta.activation-api-1.2.2.jar;C:\Users\oussa\.m2\repository\org\assertj\assertj-core\3.19.0\assertj-core-3.19.0.jar;C:\Users\oussa\.m2\repository\org\hamcrest\hamcrest\2.2\hamcrest-2.2.jar;C:\Users\oussa\.m2\repository\org\junit\jupiter\junit-jupiter\5.7.2\junit-jupiter-5.7.2.jar;C:\Users\oussa\.m2\repository\org\junit\jupiter\junit-jupiter-api\5.7.2\junit-jupiter-api-5.7.2.jar;C:\Users\oussa\.m2\repository\org\apiguardian\apiguardian-api\1.1.0\apiguardian-api-1.1.0.jar;C:\Users\oussa\.m2\repository\org\opentest4j\opentest4j\1.2.0\opentest4j-1.2.0.jar;C:\Users\oussa\.m2\repository\org\junit\platform\junit-platform-commons\1.7.2\junit-platform-commons-1.7.2.jar;C:\Users\oussa\.m2\repository\org\junit\jupiter\junit-jupiter-params\5.7.2\junit-jupiter-params-5.7.2.jar;C:\Users\oussa\.m2\repository\org\junit\jupiter\junit-jupiter-engine\5.7.2\junit-jupiter-engine-5.7.2.jar;C:\Users\oussa\.m2\repository\org\junit\platform\junit-platform-engine\1.7.2\junit-platform-engine-1.7.2.jar;C:\Users\oussa\.m2\repository\org\mockito\mockito-core\3.9.0\mockito-core-3.9.0.jar;C:\Users\oussa\.m2\repository\net\bytebuddy\byte-buddy-agent\1.10.22\byte-buddy-agent-1.10.22.jar;C:\Users\oussa\.m2\repository\org\objenesis\objenesis\3.2\objenesis-3.2.jar;C:\Users\oussa\.m2\repository\org\mockito\mockito-junit-jupiter\3.9.0\mockito-junit-jupiter-3.9.0.jar;C:\Users\oussa\.m2\repository\org\skyscreamer\jsonassert\1.5.0\jsonassert-1.5.0.jar;C:\Users\oussa\.m2\repository\com\vaadin\external\google\android-json\0.0.20131108.vaadin1\android-json-0.0.20131108.vaadin1.jar;C:\Users\oussa\.m2\repository\org\springframework\spring-test\5.3.8\spring-test-5.3.8.jar;C:\Users\oussa\.m2\repository\org\xmlunit\xmlunit-core\2.8.2\xmlunit-core-2.8.2.jar;C:\Users\oussa\.m2\repository\net\sf\jasperreports\jasperreports\6.17.0\jasperreports-6.17.0.jar;C:\Users\oussa\.m2\repository\commons-beanutils\commons-beanutils\1.9.4\commons-beanutils-1.9.4.jar;C:\Users\oussa\.m2\repository\commons-collections\commons-collections\3.2.2\commons-collections-3.2.2.jar;C:\Users\oussa\.m2\repository\commons-digester\commons-digester\2.1\commons-digester-2.1.jar;C:\Users\oussa\.m2\repository\commons-logging\commons-logging\1.1.1\commons-logging-1.1.1.jar;C:\Users\oussa\.m2\repository\org\apache\commons\commons-collections4\4.2\commons-collections4-4.2.jar;C:\Users\oussa\.m2\repository\com\lowagie\itext\2.1.7.js8\itext-2.1.7.js8.jar;C:\Users\oussa\.m2\repository\org\bouncycastle\bcprov-jdk15on\1.64\bcprov-jdk15on-1.64.jar;C:\Users\oussa\.m2\repository\org\jfree\jcommon\1.0.23\jcommon-1.0.23.jar;C:\Users\oussa\.m2\repository\org\jfree\jfreechart\1.0.19\jfreechart-1.0.19.jar;C:\Users\oussa\.m2\repository\org\codehaus\castor\castor-xml\1.4.1\castor-xml-1.4.1.jar;C:\Users\oussa\.m2\repository\org\codehaus\castor\castor-core\1.4.1\castor-core-1.4.1.jar;C:\Users\oussa\.m2\repository\org\apache\commons\commons-lang3\3.12.0\commons-lang3-3.12.0.jar;C:\Users\oussa\.m2\repository\javax\inject\javax.inject\1\javax.inject-1.jar;C:\Users\oussa\.m2\repository\com\fasterxml\jackson\core\jackson-core\2.12.3\jackson-core-2.12.3.jar;C:\Users\oussa\.m2\repository\com\fasterxml\jackson\core\jackson-databind\2.12.3\jackson-databind-2.12.3.jar;C:\Users\oussa\.m2\repository\com\fasterxml\jackson\core\jackson-annotations\2.12.3\jackson-annotations-2.12.3.jar;C:\Users\oussa\.m2\repository\mysql\mysql-connector-java\8.0.25\mysql-connector-java-8.0.25.jar;"/>
    <property name="sun.cpu.endian" value="little"/>
    <property name="user.home" value="C:\Users\oussa"/>
    <property name="user.language" value="fr"/>
    <property name="java.specification.vendor" value="Oracle Corporation"/>
    <property name="java.home" value="C:\Program Files (x86)\Java\jdk1.8.0_281\jre"/>
    <property name="basedir" value="C:\Users\oussa\eclipse-workspace\Annuaire"/>
    <property name="file.separator" value="\"/>
    <property name="line.separator" value="&#10;"/>
    <property name="java.vm.specification.vendor" value="Oracle Corporation"/>
    <property name="java.specification.name" value="Java Platform API Specification"/>
    <property name="java.awt.graphicsenv" value="sun.awt.Win32GraphicsEnvironment"/>
    <property name="surefire.real.class.path" value="C:\Users\oussa\AppData\Local\Temp\surefire3781821033785204383\surefirebooter8260508201621805280.jar"/>
    <property name="sun.boot.class.path" value="C:\Program Files (x86)\Java\jdk1.8.0_281\jre\lib\resources.jar;C:\Program Files (x86)\Java\jdk1.8.0_281\jre\lib\rt.jar;C:\Program Files (x86)\Java\jdk1.8.0_281\jre\lib\sunrsasign.jar;C:\Program Files (x86)\Java\jdk1.8.0_281\jre\lib\jsse.jar;C:\Program Files (x86)\Java\jdk1.8.0_281\jre\lib\jce.jar;C:\Program Files (x86)\Java\jdk1.8.0_281\jre\lib\charsets.jar;C:\Program Files (x86)\Java\jdk1.8.0_281\jre\lib\jfr.jar;C:\Program Files (x86)\Java\jdk1.8.0_281\jre\classes"/>
    <property name="user.script" value=""/>
    <property name="sun.management.compiler" value="HotSpot Client Compiler"/>
    <property name="java.runtime.version" value="1.8.0_281-b09"/>
    <property name="user.name" value="oussa"/>
    <property name="path.separator" value=";"/>
    <property name="os.version" value="10.0"/>
    <property name="java.endorsed.dirs" value="C:\Program Files (x86)\Java\jdk1.8.0_281\jre\lib\endorsed"/>
    <property name="java.runtime.name" value="Java(TM) SE Runtime Environment"/>
    <property name="file.encoding" value="Cp1252"/>
    <property name="java.vm.name" value="Java HotSpot(TM) Client VM"/>
    <property name="localRepository" value="C:\Users\oussa\.m2\repository"/>
    <property name="java.vendor.url.bug" value="http://bugreport.sun.com/bugreport/"/>
    <property name="java.io.tmpdir" value="C:\Users\oussa\AppData\Local\Temp\"/>
    <property name="java.version" value="1.8.0_281"/>
    <property name="user.dir" value="C:\Users\oussa\eclipse-workspace\Annuaire"/>
    <property name="os.arch" value="x86"/>
    <property name="java.vm.specification.name" value="Java Virtual Machine Specification"/>
    <property name="java.awt.printerjob" value="sun.awt.windows.WPrinterJob"/>
    <property name="sun.os.patch.level" value=""/>
    <property name="java.library.path" value="C:\Program Files (x86)\Java\jdk1.8.0_281\jre\bin;C:\Windows\Sun\Java\bin;C:\Windows\system32;C:\Windows;C:\Program Files (x86)\Microsoft SDKs\Azure\CLI2\wbin;C:\Program Files (x86)\ActiveState Komodo IDE 12\;C:\Program Files (x86)\Common Files\Oracle\Java\javapath;C:\Windows\system32;C:\Windows;C:\Windows\System32\Wbem;C:\Windows\System32\WindowsPowerShell\v1.0\;C:\Windows\System32\OpenSSH\;C:\Program Files\Docker\Docker\resources\bin;C:\ProgramData\DockerDesktop\version-bin;C:\Program Files\Git\cmd;C:\Program Files\nodejs\;C:\Program Files\apache-maven-3.8.2\bin;C:\Program Files\MySQL\MySQL Shell 8.0\bin\;C:\Program Files (x86)\Java\jdk1.8.0_281\bin;C:\Program Files\php;C:\Program Files\vscode\bin;C:\Users\oussa\AppData\Roaming\npm;."/>
    <property name="java.vm.info" value="mixed mode, sharing"/>
    <property name="java.vendor" value="Oracle Corporation"/>
    <property name="java.vm.version" value="25.281-b09"/>
    <property name="java.ext.dirs" value="C:\Program Files (x86)\Java\jdk1.8.0_281\jre\lib\ext;C:\Windows\Sun\Java\lib\ext"/>
    <property name="sun.io.unicode.encoding" value="UnicodeLittle"/>
    <property name="java.class.version" value="52.0"/>
  </properties>
  <testcase name="contextLoads" classname="com.projet.demo.AnnuaireApplicationTests" time="0.189"/>
</testsuite>